<?xml version="1.0" encoding="UTF-8"?>
<!-- Generated by org.testng.reporters.JUnitReportReporter -->
<testsuite skipped="0" hostname="DESKTOP-6B3GB9B" name="COM.TESTNG.ActiTime_Login" tests="1" failures="0" timestamp="17 Sep 2018 15:08:53 GMT" time="64.271" errors="0">
  <testcase name="logina_page" time="64.271" classname="COM.TESTNG.ActiTime_Login"/>
</testsuite> <!-- COM.TESTNG.ActiTime_Login -->
