<?xml version="1.0" encoding="UTF-8"?>
<!-- Generated by org.testng.reporters.JUnitReportReporter -->
<testsuite skipped="0" hostname="DESKTOP-6B3GB9B" name="COM.TESTNG.create_customer" tests="1" failures="0" timestamp="17 Sep 2018 15:11:56 GMT" time="89.913" errors="0">
  <testcase name="createcustomeractitime" time="89.913" classname="COM.TESTNG.create_customer"/>
</testsuite> <!-- COM.TESTNG.create_customer -->
